c:\users\owner\onedrive - seneca\desktop\git-sammy park\coding_test\c++\project1\x64\debug\vc143.pdb
c:\users\owner\onedrive - seneca\desktop\git-sammy park\coding_test\c++\project1\x64\debug\vc143.idb
c:\users\owner\onedrive - seneca\desktop\git-sammy park\coding_test\c++\project1\x64\debug\q7-4.obj
c:\users\owner\onedrive - seneca\desktop\git-sammy park\coding_test\c++\project1\x64\debug\q7-5.obj
c:\users\owner\onedrive - seneca\desktop\git-sammy park\coding_test\c++\project1\x64\debug\q6-10.obj
c:\users\owner\onedrive - seneca\desktop\git-sammy park\coding_test\c++\project1\x64\debug\q6-7.obj
c:\users\owner\onedrive - seneca\desktop\git-sammy park\coding_test\c++\project1\x64\debug\q6-8.obj
c:\users\owner\onedrive - seneca\desktop\git-sammy park\coding_test\c++\project1\x64\debug\q6-9.obj
c:\users\owner\onedrive - seneca\desktop\git-sammy park\coding_test\c++\project1\x64\debug\q7-1.obj
c:\users\owner\onedrive - seneca\desktop\git-sammy park\coding_test\c++\project1\x64\debug\q7-2.obj
c:\users\owner\onedrive - seneca\desktop\git-sammy park\coding_test\c++\project1\x64\debug\q7-3.obj
c:\users\owner\onedrive - seneca\desktop\git-sammy park\coding_test\c++\project1\x64\debug\project1.pdb
c:\users\owner\onedrive - seneca\desktop\git-sammy park\coding_test\c++\project1\x64\debug\project1.tlog\cl.command.1.tlog
c:\users\owner\onedrive - seneca\desktop\git-sammy park\coding_test\c++\project1\x64\debug\project1.tlog\cl.read.1.tlog
c:\users\owner\onedrive - seneca\desktop\git-sammy park\coding_test\c++\project1\x64\debug\project1.tlog\cl.write.1.tlog
c:\users\owner\onedrive - seneca\desktop\git-sammy park\coding_test\c++\project1\x64\debug\project1.tlog\link.20432.read.1.tlog
c:\users\owner\onedrive - seneca\desktop\git-sammy park\coding_test\c++\project1\x64\debug\project1.tlog\link.20432.write.1.tlog
c:\users\owner\onedrive - seneca\desktop\git-sammy park\coding_test\c++\project1\x64\debug\project1.tlog\link.command.1.tlog
c:\users\owner\onedrive - seneca\desktop\git-sammy park\coding_test\c++\project1\x64\debug\project1.tlog\link.read.1.tlog
c:\users\owner\onedrive - seneca\desktop\git-sammy park\coding_test\c++\project1\x64\debug\project1.tlog\link.write.1.tlog
